TN:
SF:src/Scooter.js
FN:3,(anonymous_0)
FN:12,(anonymous_1)
FN:23,(anonymous_2)
FN:28,(anonymous_3)
FN:31,(anonymous_4)
FN:37,(anonymous_5)
FN:40,(anonymous_6)
FNF:7
FNH:3
FNDA:41,(anonymous_0)
FNDA:7,(anonymous_1)
FNDA:3,(anonymous_2)
FNDA:0,(anonymous_3)
FNDA:0,(anonymous_4)
FNDA:0,(anonymous_5)
FNDA:0,(anonymous_6)
DA:2,1
DA:4,41
DA:5,41
DA:6,41
DA:7,41
DA:8,41
DA:9,41
DA:13,7
DA:14,0
DA:16,7
DA:17,0
DA:19,7
DA:20,7
DA:24,3
DA:25,3
DA:29,0
DA:31,0
DA:32,0
DA:34,0
DA:38,0
DA:40,0
DA:41,0
DA:43,0
DA:47,1
LF:24
LH:14
BRDA:13,0,0,0
BRDA:13,0,1,7
BRDA:13,1,0,7
BRDA:13,1,1,0
BRDA:16,2,0,0
BRDA:16,2,1,7
BRDA:16,3,0,7
BRDA:16,3,1,7
BRF:8
BRH:5
end_of_record
TN:
SF:src/ScooterApp.js
FN:5,(anonymous_0)
FN:14,(anonymous_1)
FN:28,(anonymous_2)
FN:38,(anonymous_3)
FN:48,(anonymous_4)
FN:58,(anonymous_5)
FN:64,(anonymous_6)
FN:77,(anonymous_7)
FN:83,(anonymous_8)
FN:86,(anonymous_9)
FNF:10
FNH:10
FNDA:27,(anonymous_0)
FNDA:12,(anonymous_1)
FNDA:6,(anonymous_2)
FNDA:3,(anonymous_3)
FNDA:15,(anonymous_4)
FNDA:5,(anonymous_5)
FNDA:1,(anonymous_6)
FNDA:5,(anonymous_7)
FNDA:4,(anonymous_8)
FNDA:4,(anonymous_9)
DA:1,1
DA:2,1
DA:6,27
DA:11,27
DA:15,12
DA:16,1
DA:18,11
DA:19,1
DA:22,10
DA:23,10
DA:24,10
DA:25,10
DA:29,6
DA:30,6
DA:31,2
DA:33,4
DA:34,4
DA:35,4
DA:39,3
DA:40,3
DA:42,1
DA:44,3
DA:49,15
DA:50,1
DA:52,14
DA:53,14
DA:54,14
DA:55,14
DA:59,5
DA:60,1
DA:62,4
DA:63,4
DA:64,1
DA:65,1
DA:68,4
DA:69,1
DA:72,3
DA:73,3
DA:74,3
DA:78,5
DA:79,1
DA:81,4
DA:82,4
DA:83,4
DA:84,4
DA:86,4
DA:87,4
DA:89,4
DA:90,4
DA:91,4
DA:95,1
LF:51
LH:51
BRDA:15,0,0,1
BRDA:15,0,1,11
BRDA:18,1,0,1
BRDA:18,1,1,10
BRDA:30,2,0,2
BRDA:30,2,1,4
BRDA:30,3,0,6
BRDA:30,3,1,5
BRDA:49,4,0,1
BRDA:49,4,1,14
BRDA:59,5,0,1
BRDA:59,5,1,4
BRDA:63,6,0,1
BRDA:63,6,1,3
BRDA:68,7,0,1
BRDA:68,7,1,3
BRDA:78,8,0,1
BRDA:78,8,1,4
BRF:18
BRH:18
end_of_record
TN:
SF:src/User.js
FN:2,(anonymous_0)
FN:9,(anonymous_1)
FN:16,(anonymous_2)
FNF:3
FNH:3
FNDA:38,(anonymous_0)
FNDA:4,(anonymous_1)
FNDA:2,(anonymous_2)
DA:3,38
DA:4,38
DA:5,38
DA:6,38
DA:10,4
DA:11,0
DA:13,4
DA:17,2
DA:21,1
LF:9
LH:8
BRDA:10,0,0,0
BRDA:10,0,1,4
BRF:2
BRH:1
end_of_record
