TN:
SF:src/Scooter.js
FN:3,(anonymous_0)
FN:12,(anonymous_1)
FN:23,(anonymous_2)
FN:28,(anonymous_3)
FN:31,(anonymous_4)
FN:37,(anonymous_5)
FN:40,(anonymous_6)
FNF:7
FNH:7
FNDA:91,(anonymous_0)
FNDA:20,(anonymous_1)
FNDA:2,(anonymous_2)
FNDA:1,(anonymous_3)
FNDA:1,(anonymous_4)
FNDA:1,(anonymous_5)
FNDA:1,(anonymous_6)
DA:2,2
DA:4,91
DA:5,91
DA:6,91
DA:7,91
DA:8,91
DA:9,91
DA:13,20
DA:14,1
DA:16,19
DA:17,1
DA:19,18
DA:20,18
DA:24,2
DA:25,2
DA:29,1
DA:31,1
DA:32,1
DA:34,1
DA:38,1
DA:40,1
DA:41,1
DA:43,1
DA:47,2
LF:24
LH:24
BRDA:13,0,0,1
BRDA:13,0,1,19
BRDA:13,1,0,20
BRDA:13,1,1,1
BRDA:16,2,0,1
BRDA:16,2,1,18
BRDA:16,3,0,19
BRDA:16,3,1,19
BRF:8
BRH:8
end_of_record
TN:
SF:src/ScooterApp.js
FNF:0
FNH:0
DA:5,1
LF:1
LH:1
BRF:0
BRH:0
end_of_record
TN:
SF:src/User.js
FN:2,(anonymous_0)
FN:9,(anonymous_1)
FN:16,(anonymous_2)
FNF:3
FNH:3
FNDA:62,(anonymous_0)
FNDA:3,(anonymous_1)
FNDA:1,(anonymous_2)
DA:3,62
DA:4,62
DA:5,62
DA:6,62
DA:10,3
DA:11,1
DA:13,2
DA:17,1
DA:21,3
LF:9
LH:9
BRDA:10,0,0,1
BRDA:10,0,1,2
BRF:2
BRH:2
end_of_record
